2022-05-22 09:36:35,331 INFO     ==========================================
2022-05-22 09:36:35,331 INFO     ==========       CONFIG      =============
2022-05-22 09:36:35,331 INFO     ==========================================
2022-05-22 09:36:35,331 INFO     data_root_dir: /media/data1/maleilei/dataset
2022-05-22 09:36:35,331 INFO     image_size: 448
2022-05-22 09:36:35,331 INFO     epochs: 50
2022-05-22 09:36:35,331 INFO     epoch_step: [11, 25]
2022-05-22 09:36:35,331 INFO     batch_size: 18
2022-05-22 09:36:35,331 INFO     num_workers: 4
2022-05-22 09:36:35,331 INFO     display_interval: 1000
2022-05-22 09:36:35,331 INFO     lr: 0.01
2022-05-22 09:36:35,331 INFO     lrp: 0.01
2022-05-22 09:36:35,331 INFO     momentum: 0.9
2022-05-22 09:36:35,332 INFO     weight_decay: 0.0001
2022-05-22 09:36:35,332 INFO     max_clip_grad_norm: 10.0
2022-05-22 09:36:35,332 INFO     seed: 1
2022-05-22 09:36:35,332 INFO     num_classes: 20
2022-05-22 09:36:35,332 INFO     optimizer: SGD
2022-05-22 09:36:35,332 INFO     backbone: ResNet101
2022-05-22 09:36:35,332 INFO     warmup_epoch: 2
2022-05-22 09:36:35,332 INFO     warmup_scheduler: True
2022-05-22 09:36:35,332 INFO     data: VOC2007
2022-05-22 09:36:35,332 INFO     model_name: ADD_GCN_FC
2022-05-22 09:36:35,332 INFO     save_dir: ./checkpoint/VOC2007/ADD_GCN_FC/work4
2022-05-22 09:36:35,332 INFO     evaluate: False
2022-05-22 09:36:35,332 INFO     resume: ./checkpoint/COCO2014/checkpoint_best.pth
2022-05-22 09:36:35,332 INFO     display: True
2022-05-22 09:36:35,332 INFO     summary_writer: True
2022-05-22 09:36:35,332 INFO     iter_per_epoch: 278
2022-05-22 09:36:35,332 INFO     ==========================================
2022-05-22 09:36:35,332 INFO     ===========        END        ============
2022-05-22 09:36:35,332 INFO     ==========================================
2022-05-22 09:36:35,332 INFO     

2022-05-22 09:36:35,336 INFO     ======== Start WarmUp ========
2022-05-22 09:36:35,336 INFO     * Loading checkpoint './checkpoint/COCO2014/checkpoint_best.pth'
2022-05-22 09:36:40,106 INFO     =========== start_epoch ===========
2022-05-22 09:36:40,108 INFO     	Mismatched layers: mask_mat
2022-05-22 09:36:40,109 INFO     	Mismatched layers: fc.weight
2022-05-22 09:36:40,109 INFO     	Mismatched layers: gcn.static_adj.0.weight
2022-05-22 09:36:40,109 INFO     	Mismatched layers: gcn.conv_create_co_mat.weight
2022-05-22 09:36:40,109 INFO     	Mismatched layers: gcn.conv_create_co_mat.bias
2022-05-22 09:36:40,109 INFO     	Mismatched layers: last_linear.weight
2022-05-22 09:36:40,109 INFO     	Mismatched layers: last_linear.bias
2022-05-22 09:36:44,393 INFO     2022-05-22 09:36:44, 1 Epoch, lrp:0.00000018, lr:0.00001799, 0 Iter, Loss: 2.1749, Data time: 0.6913, Batch time: 4.0977
2022-05-22 09:38:05,669 INFO     ====== star eval ======
2022-05-22 09:38:06,223 INFO     2022-05-22 09:38:06, 1 Epoch, 0 Iter, Loss: 0.0666, Data time: 0.4466, Batch time: 0.5508
2022-05-22 09:38:33,707 INFO     * Test
2022-05-22 09:38:33,707 INFO     tensor([0.9978, 0.9806, 0.9788, 0.9765, 0.7494, 0.9698, 0.9665, 0.9789, 0.7817,
        0.9708, 0.8655, 0.9778, 0.9815, 0.9608, 0.9858, 0.7846, 0.9803, 0.8504,
        0.9907, 0.9448])
2022-05-22 09:38:33,708 INFO     * Loss: 0.0601	 mAP: 0.9336	Data_time: 0.0018	 Batch_time: 0.0955
2022-05-22 09:38:33,708 INFO     OP: 0.882	 OR: 0.849	 OF1: 0.866	CP: 0.875	 CR: 0.829	 CF1: 0.851
2022-05-22 09:38:33,708 INFO     OP_3: 0.888	 OR_3: 0.847	 OF1_3: 0.867	CP_3: 0.879	 CR_3: 0.826	 CF1_3: 0.852
2022-05-22 09:38:33,708 INFO     Now lrp:0.00005000, lr:0.00500000
2022-05-22 09:38:33,711 INFO     Save checkpoint to ./checkpoint/VOC2007/ADD_GCN_FC/work4/Epoch-1.pth
2022-05-22 09:38:34,166 INFO     Save results to ./checkpoint/VOC2007/ADD_GCN_FC/work4/results.csv
2022-05-22 09:38:34,306 INFO      * best mAP=0.9336
2022-05-22 09:38:35,130 INFO     2022-05-22 09:38:35, 2 Epoch, lrp:0.00005018, lr:0.00501799, 0 Iter, Loss: 0.0487, Data time: 0.5182, Batch time: 0.8223
2022-05-22 09:39:55,850 INFO     ====== star eval ======
2022-05-22 09:39:56,381 INFO     2022-05-22 09:39:56, 2 Epoch, 0 Iter, Loss: 0.0485, Data time: 0.4289, Batch time: 0.5285
2022-05-22 09:40:24,216 INFO     * Test
2022-05-22 09:40:24,217 INFO     tensor([0.9989, 0.9876, 0.9872, 0.9879, 0.8517, 0.9786, 0.9851, 0.9876, 0.8131,
        0.9813, 0.8614, 0.9852, 0.9873, 0.9696, 0.9921, 0.8737, 0.9861, 0.8550,
        0.9916, 0.9613])
2022-05-22 09:40:24,218 INFO     * Loss: 0.0471	 mAP: 0.9511	Data_time: 0.0017	 Batch_time: 0.0934
2022-05-22 09:40:24,218 INFO     OP: 0.869	 OR: 0.922	 OF1: 0.895	CP: 0.868	 CR: 0.902	 CF1: 0.884
2022-05-22 09:40:24,218 INFO     OP_3: 0.874	 OR_3: 0.918	 OF1_3: 0.896	CP_3: 0.871	 CR_3: 0.897	 CF1_3: 0.884
2022-05-22 09:40:24,218 INFO     Now lrp:0.00010000, lr:0.01000000
2022-05-22 09:40:24,222 INFO     Save checkpoint to ./checkpoint/VOC2007/ADD_GCN_FC/work4/Epoch-2.pth
2022-05-22 09:40:25,743 INFO     Save results to ./checkpoint/VOC2007/ADD_GCN_FC/work4/results.csv
2022-05-22 09:40:25,912 INFO      * best mAP=0.9511
2022-05-22 09:40:26,732 INFO     2022-05-22 09:40:26, 3 Epoch, lrp:0.00010000, lr:0.01000000, 0 Iter, Loss: 0.0794, Data time: 0.5116, Batch time: 0.8109
2022-05-22 09:41:47,657 INFO     ====== star eval ======
2022-05-22 09:41:48,203 INFO     2022-05-22 09:41:48, 3 Epoch, 0 Iter, Loss: 0.0455, Data time: 0.4419, Batch time: 0.5447
2022-05-22 09:42:15,974 INFO     * Test
2022-05-22 09:42:15,974 INFO     tensor([0.9993, 0.9889, 0.9837, 0.9874, 0.8563, 0.9796, 0.9852, 0.9868, 0.8354,
        0.9801, 0.8927, 0.9901, 0.9887, 0.9745, 0.9929, 0.8808, 0.9810, 0.8893,
        0.9916, 0.9608])
2022-05-22 09:42:15,975 INFO     * Loss: 0.0431	 mAP: 0.9563	Data_time: 0.0018	 Batch_time: 0.0934
2022-05-22 09:42:15,975 INFO     OP: 0.882	 OR: 0.926	 OF1: 0.903	CP: 0.873	 CR: 0.913	 CF1: 0.893
2022-05-22 09:42:15,975 INFO     OP_3: 0.886	 OR_3: 0.922	 OF1_3: 0.903	CP_3: 0.875	 CR_3: 0.908	 CF1_3: 0.891
2022-05-22 09:42:15,976 INFO     Now lrp:0.00010000, lr:0.01000000
2022-05-22 09:42:15,980 INFO     Save checkpoint to ./checkpoint/VOC2007/ADD_GCN_FC/work4/Epoch-3.pth
2022-05-22 09:42:17,537 INFO     Save results to ./checkpoint/VOC2007/ADD_GCN_FC/work4/results.csv
2022-05-22 09:42:17,710 INFO      * best mAP=0.9563
2022-05-22 09:42:18,541 INFO     2022-05-22 09:42:18, 4 Epoch, lrp:0.00010000, lr:0.01000000, 0 Iter, Loss: 0.0826, Data time: 0.5328, Batch time: 0.8293
2022-05-22 09:43:38,970 INFO     ====== star eval ======
2022-05-22 09:43:39,521 INFO     2022-05-22 09:43:39, 4 Epoch, 0 Iter, Loss: 0.0527, Data time: 0.4472, Batch time: 0.5486
2022-05-22 09:44:06,316 INFO     * Test
2022-05-22 09:44:06,316 INFO     tensor([0.9994, 0.9900, 0.9844, 0.9883, 0.8532, 0.9823, 0.9864, 0.9905, 0.8504,
        0.9663, 0.8875, 0.9852, 0.9881, 0.9772, 0.9923, 0.8773, 0.9896, 0.8935,
        0.9940, 0.9645])
2022-05-22 09:44:06,317 INFO     * Loss: 0.0426	 mAP: 0.9570	Data_time: 0.0018	 Batch_time: 0.0932
2022-05-22 09:44:06,317 INFO     OP: 0.902	 OR: 0.909	 OF1: 0.905	CP: 0.893	 CR: 0.895	 CF1: 0.894
2022-05-22 09:44:06,317 INFO     OP_3: 0.905	 OR_3: 0.906	 OF1_3: 0.906	CP_3: 0.896	 CR_3: 0.892	 CF1_3: 0.894
2022-05-22 09:44:06,318 INFO     Now lrp:0.00010000, lr:0.01000000
2022-05-22 09:44:06,321 INFO     Save checkpoint to ./checkpoint/VOC2007/ADD_GCN_FC/work4/Epoch-4.pth
2022-05-22 09:44:07,321 INFO     Save results to ./checkpoint/VOC2007/ADD_GCN_FC/work4/results.csv
2022-05-22 09:44:07,464 INFO      * best mAP=0.9570
2022-05-22 09:44:08,256 INFO     2022-05-22 09:44:08, 5 Epoch, lrp:0.00010000, lr:0.01000000, 0 Iter, Loss: 0.0347, Data time: 0.4751, Batch time: 0.7903
2022-05-22 09:45:29,417 INFO     ====== star eval ======
2022-05-22 09:45:29,980 INFO     2022-05-22 09:45:29, 5 Epoch, 0 Iter, Loss: 0.0461, Data time: 0.4640, Batch time: 0.5611
2022-05-22 09:45:56,889 INFO     * Test
2022-05-22 09:45:56,889 INFO     tensor([0.9995, 0.9905, 0.9830, 0.9891, 0.8536, 0.9816, 0.9877, 0.9836, 0.8629,
        0.9762, 0.8951, 0.9871, 0.9883, 0.9769, 0.9926, 0.8876, 0.9893, 0.9052,
        0.9929, 0.9655])
2022-05-22 09:45:56,890 INFO     * Loss: 0.0406	 mAP: 0.9594	Data_time: 0.0018	 Batch_time: 0.0934
2022-05-22 09:45:56,890 INFO     OP: 0.907	 OR: 0.914	 OF1: 0.910	CP: 0.901	 CR: 0.898	 CF1: 0.899
2022-05-22 09:45:56,890 INFO     OP_3: 0.909	 OR_3: 0.911	 OF1_3: 0.910	CP_3: 0.902	 CR_3: 0.895	 CF1_3: 0.898
2022-05-22 09:45:56,890 INFO     Now lrp:0.00010000, lr:0.01000000
2022-05-22 09:45:56,893 INFO     Save checkpoint to ./checkpoint/VOC2007/ADD_GCN_FC/work4/Epoch-5.pth
2022-05-22 09:45:58,429 INFO     Save results to ./checkpoint/VOC2007/ADD_GCN_FC/work4/results.csv
2022-05-22 09:45:58,571 INFO      * best mAP=0.9594
2022-05-22 09:45:59,369 INFO     2022-05-22 09:45:59, 6 Epoch, lrp:0.00010000, lr:0.01000000, 0 Iter, Loss: 0.0396, Data time: 0.4905, Batch time: 0.7954
2022-05-22 09:47:20,369 INFO     ====== star eval ======
2022-05-22 09:47:20,941 INFO     2022-05-22 09:47:20, 6 Epoch, 0 Iter, Loss: 0.0448, Data time: 0.4727, Batch time: 0.5689
2022-05-22 09:47:47,884 INFO     * Test
2022-05-22 09:47:47,884 INFO     tensor([0.9991, 0.9898, 0.9827, 0.9875, 0.8572, 0.9780, 0.9880, 0.9890, 0.8557,
        0.9762, 0.8912, 0.9878, 0.9853, 0.9778, 0.9931, 0.8842, 0.9897, 0.8983,
        0.9928, 0.9659])
2022-05-22 09:47:47,885 INFO     * Loss: 0.0417	 mAP: 0.9585	Data_time: 0.0019	 Batch_time: 0.0936
2022-05-22 09:47:47,885 INFO     OP: 0.879	 OR: 0.930	 OF1: 0.903	CP: 0.872	 CR: 0.918	 CF1: 0.894
2022-05-22 09:47:47,885 INFO     OP_3: 0.884	 OR_3: 0.926	 OF1_3: 0.905	CP_3: 0.876	 CR_3: 0.913	 CF1_3: 0.894
2022-05-22 09:47:47,885 INFO     Now lrp:0.00010000, lr:0.01000000
2022-05-22 09:47:47,888 INFO     Save checkpoint to ./checkpoint/VOC2007/ADD_GCN_FC/work4/Epoch-6.pth
2022-05-22 09:47:48,204 INFO     Save results to ./checkpoint/VOC2007/ADD_GCN_FC/work4/results.csv
2022-05-22 09:47:48,344 INFO      * best mAP=0.9594
2022-05-22 09:47:49,147 INFO     2022-05-22 09:47:49, 7 Epoch, lrp:0.00010000, lr:0.01000000, 0 Iter, Loss: 0.0647, Data time: 0.4885, Batch time: 0.8005
2022-05-22 09:49:10,835 INFO     ====== star eval ======
2022-05-22 09:49:11,466 INFO     2022-05-22 09:49:11, 7 Epoch, 0 Iter, Loss: 0.0382, Data time: 0.5311, Batch time: 0.6269
2022-05-22 09:49:38,508 INFO     * Test
2022-05-22 09:49:38,509 INFO     tensor([0.9995, 0.9831, 0.9835, 0.9894, 0.8595, 0.9770, 0.9884, 0.9886, 0.8611,
        0.9773, 0.8967, 0.9885, 0.9889, 0.9782, 0.9926, 0.8820, 0.9897, 0.9013,
        0.9936, 0.9659])
2022-05-22 09:49:38,510 INFO     * Loss: 0.0409	 mAP: 0.9593	Data_time: 0.0021	 Batch_time: 0.0941
2022-05-22 09:49:38,510 INFO     OP: 0.884	 OR: 0.928	 OF1: 0.905	CP: 0.880	 CR: 0.914	 CF1: 0.897
2022-05-22 09:49:38,510 INFO     OP_3: 0.887	 OR_3: 0.925	 OF1_3: 0.905	CP_3: 0.882	 CR_3: 0.911	 CF1_3: 0.896
2022-05-22 09:49:38,512 INFO     Now lrp:0.00010000, lr:0.01000000
2022-05-22 09:49:38,517 INFO     Save checkpoint to ./checkpoint/VOC2007/ADD_GCN_FC/work4/Epoch-7.pth
2022-05-22 09:49:38,847 INFO     Save results to ./checkpoint/VOC2007/ADD_GCN_FC/work4/results.csv
2022-05-22 09:49:38,988 INFO      * best mAP=0.9594
2022-05-22 09:49:39,818 INFO     2022-05-22 09:49:39, 8 Epoch, lrp:0.00010000, lr:0.01000000, 0 Iter, Loss: 0.0698, Data time: 0.5118, Batch time: 0.8274
2022-05-22 09:51:01,396 INFO     ====== star eval ======
2022-05-22 09:51:01,962 INFO     2022-05-22 09:51:01, 8 Epoch, 0 Iter, Loss: 0.0451, Data time: 0.4594, Batch time: 0.5623
2022-05-22 09:51:29,021 INFO     * Test
2022-05-22 09:51:29,021 INFO     tensor([0.9997, 0.9889, 0.9833, 0.9887, 0.8598, 0.9799, 0.9874, 0.9866, 0.8534,
        0.9785, 0.8772, 0.9877, 0.9907, 0.9757, 0.9930, 0.8878, 0.9895, 0.9063,
        0.9929, 0.9663])
2022-05-22 09:51:29,022 INFO     * Loss: 0.0411	 mAP: 0.9587	Data_time: 0.0019	 Batch_time: 0.0939
2022-05-22 09:51:29,023 INFO     OP: 0.881	 OR: 0.929	 OF1: 0.904	CP: 0.878	 CR: 0.914	 CF1: 0.896
2022-05-22 09:51:29,023 INFO     OP_3: 0.885	 OR_3: 0.926	 OF1_3: 0.905	CP_3: 0.881	 CR_3: 0.911	 CF1_3: 0.895
2022-05-22 09:51:29,023 INFO     Now lrp:0.00010000, lr:0.01000000
2022-05-22 09:51:29,026 INFO     Save checkpoint to ./checkpoint/VOC2007/ADD_GCN_FC/work4/Epoch-8.pth
2022-05-22 09:51:29,345 INFO     Save results to ./checkpoint/VOC2007/ADD_GCN_FC/work4/results.csv
2022-05-22 09:51:29,485 INFO      * best mAP=0.9594
2022-05-22 09:51:30,288 INFO     2022-05-22 09:51:30, 9 Epoch, lrp:0.00010000, lr:0.01000000, 0 Iter, Loss: 0.0365, Data time: 0.4906, Batch time: 0.8003
2022-05-22 09:52:51,849 INFO     ====== star eval ======
2022-05-22 09:52:52,390 INFO     2022-05-22 09:52:52, 9 Epoch, 0 Iter, Loss: 0.0423, Data time: 0.4444, Batch time: 0.5389
2022-05-22 09:53:19,358 INFO     * Test
2022-05-22 09:53:19,359 INFO     tensor([0.9996, 0.9908, 0.9836, 0.9878, 0.8516, 0.9791, 0.9873, 0.9871, 0.8595,
        0.9786, 0.8786, 0.9870, 0.9885, 0.9737, 0.9929, 0.8822, 0.9857, 0.9025,
        0.9936, 0.9656])
2022-05-22 09:53:19,360 INFO     * Loss: 0.0411	 mAP: 0.9578	Data_time: 0.0018	 Batch_time: 0.0936
2022-05-22 09:53:19,360 INFO     OP: 0.888	 OR: 0.923	 OF1: 0.905	CP: 0.884	 CR: 0.910	 CF1: 0.897
2022-05-22 09:53:19,360 INFO     OP_3: 0.891	 OR_3: 0.918	 OF1_3: 0.904	CP_3: 0.886	 CR_3: 0.904	 CF1_3: 0.895
2022-05-22 09:53:19,360 INFO     Now lrp:0.00010000, lr:0.01000000
2022-05-22 09:53:19,363 INFO     Save checkpoint to ./checkpoint/VOC2007/ADD_GCN_FC/work4/Epoch-9.pth
2022-05-22 09:53:19,692 INFO     Save results to ./checkpoint/VOC2007/ADD_GCN_FC/work4/results.csv
2022-05-22 09:53:19,844 INFO      * best mAP=0.9594
2022-05-22 09:53:20,681 INFO     2022-05-22 09:53:20, 10 Epoch, lrp:0.00010000, lr:0.01000000, 0 Iter, Loss: 0.0292, Data time: 0.5300, Batch time: 0.8348
2022-05-22 09:54:42,239 INFO     ====== star eval ======
2022-05-22 09:54:42,790 INFO     2022-05-22 09:54:42, 10 Epoch, 0 Iter, Loss: 0.0408, Data time: 0.4528, Batch time: 0.5480
2022-05-22 09:55:09,796 INFO     * Test
2022-05-22 09:55:09,796 INFO     tensor([0.9996, 0.9907, 0.9871, 0.9891, 0.8603, 0.9791, 0.9879, 0.9858, 0.8545,
        0.9792, 0.8994, 0.9895, 0.9875, 0.9816, 0.9928, 0.8874, 0.9893, 0.9067,
        0.9940, 0.9655])
2022-05-22 09:55:09,797 INFO     * Loss: 0.0417	 mAP: 0.9603	Data_time: 0.0019	 Batch_time: 0.0937
2022-05-22 09:55:09,797 INFO     OP: 0.875	 OR: 0.932	 OF1: 0.903	CP: 0.868	 CR: 0.921	 CF1: 0.894
2022-05-22 09:55:09,797 INFO     OP_3: 0.879	 OR_3: 0.929	 OF1_3: 0.903	CP_3: 0.871	 CR_3: 0.918	 CF1_3: 0.894
2022-05-22 09:55:09,798 INFO     Now lrp:0.00010000, lr:0.01000000
2022-05-22 09:55:09,801 INFO     Save checkpoint to ./checkpoint/VOC2007/ADD_GCN_FC/work4/Epoch-10.pth
2022-05-22 09:55:11,329 INFO     Save results to ./checkpoint/VOC2007/ADD_GCN_FC/work4/results.csv
2022-05-22 09:55:11,471 INFO      * best mAP=0.9603
2022-05-22 09:55:12,276 INFO     2022-05-22 09:55:12, 11 Epoch, lrp:0.00010000, lr:0.01000000, 0 Iter, Loss: 0.0611, Data time: 0.4853, Batch time: 0.8025
2022-05-22 09:56:33,854 INFO     ====== star eval ======
2022-05-22 09:56:34,440 INFO     2022-05-22 09:56:34, 11 Epoch, 0 Iter, Loss: 0.0478, Data time: 0.4860, Batch time: 0.5823
2022-05-22 09:57:01,404 INFO     * Test
2022-05-22 09:57:01,404 INFO     tensor([0.9997, 0.9895, 0.9836, 0.9903, 0.8555, 0.9813, 0.9865, 0.9910, 0.8461,
        0.9762, 0.8994, 0.9877, 0.9862, 0.9810, 0.9931, 0.8892, 0.9925, 0.9062,
        0.9942, 0.9638])
2022-05-22 09:57:01,405 INFO     * Loss: 0.0435	 mAP: 0.9596	Data_time: 0.0019	 Batch_time: 0.0940
2022-05-22 09:57:01,405 INFO     OP: 0.878	 OR: 0.929	 OF1: 0.903	CP: 0.864	 CR: 0.919	 CF1: 0.891
2022-05-22 09:57:01,405 INFO     OP_3: 0.883	 OR_3: 0.925	 OF1_3: 0.904	CP_3: 0.868	 CR_3: 0.915	 CF1_3: 0.891
2022-05-22 09:57:01,406 INFO     Now lrp:0.00001000, lr:0.00100000
2022-05-22 09:57:01,409 INFO     Save checkpoint to ./checkpoint/VOC2007/ADD_GCN_FC/work4/Epoch-11.pth
2022-05-22 09:57:01,725 INFO     Save results to ./checkpoint/VOC2007/ADD_GCN_FC/work4/results.csv
2022-05-22 09:57:01,866 INFO      * best mAP=0.9603
2022-05-22 09:57:02,681 INFO     2022-05-22 09:57:02, 12 Epoch, lrp:0.00001000, lr:0.00100000, 0 Iter, Loss: 0.0147, Data time: 0.5071, Batch time: 0.8132
2022-05-22 09:58:24,358 INFO     ====== star eval ======
2022-05-22 09:58:24,950 INFO     2022-05-22 09:58:24, 12 Epoch, 0 Iter, Loss: 0.0465, Data time: 0.4970, Batch time: 0.5890
2022-05-22 09:58:51,947 INFO     * Test
2022-05-22 09:58:51,948 INFO     tensor([0.9995, 0.9902, 0.9841, 0.9904, 0.8544, 0.9789, 0.9870, 0.9888, 0.8515,
        0.9779, 0.8973, 0.9867, 0.9864, 0.9797, 0.9927, 0.8935, 0.9913, 0.9040,
        0.9944, 0.9623])
2022-05-22 09:58:51,949 INFO     * Loss: 0.0401	 mAP: 0.9596	Data_time: 0.0020	 Batch_time: 0.0938
2022-05-22 09:58:51,949 INFO     OP: 0.888	 OR: 0.928	 OF1: 0.908	CP: 0.884	 CR: 0.919	 CF1: 0.901
2022-05-22 09:58:51,949 INFO     OP_3: 0.892	 OR_3: 0.925	 OF1_3: 0.908	CP_3: 0.886	 CR_3: 0.914	 CF1_3: 0.900
2022-05-22 09:58:51,949 INFO     Now lrp:0.00001000, lr:0.00100000
2022-05-22 09:58:51,952 INFO     Save checkpoint to ./checkpoint/VOC2007/ADD_GCN_FC/work4/Epoch-12.pth
2022-05-22 09:58:52,269 INFO     Save results to ./checkpoint/VOC2007/ADD_GCN_FC/work4/results.csv
2022-05-22 09:58:52,410 INFO      * best mAP=0.9603
2022-05-22 09:58:53,237 INFO     2022-05-22 09:58:53, 13 Epoch, lrp:0.00001000, lr:0.00100000, 0 Iter, Loss: 0.0312, Data time: 0.5241, Batch time: 0.8249
2022-05-22 10:00:14,785 INFO     ====== star eval ======
2022-05-22 10:00:15,365 INFO     2022-05-22 10:00:15, 13 Epoch, 0 Iter, Loss: 0.0453, Data time: 0.4811, Batch time: 0.5786
2022-05-22 10:00:42,352 INFO     * Test
2022-05-22 10:00:42,352 INFO     tensor([0.9996, 0.9910, 0.9848, 0.9909, 0.8561, 0.9804, 0.9872, 0.9854, 0.8569,
        0.9771, 0.8957, 0.9876, 0.9856, 0.9802, 0.9925, 0.8941, 0.9914, 0.9068,
        0.9940, 0.9630])
2022-05-22 10:00:42,353 INFO     * Loss: 0.0403	 mAP: 0.9600	Data_time: 0.0019	 Batch_time: 0.0938
2022-05-22 10:00:42,353 INFO     OP: 0.887	 OR: 0.929	 OF1: 0.908	CP: 0.880	 CR: 0.920	 CF1: 0.900
2022-05-22 10:00:42,353 INFO     OP_3: 0.891	 OR_3: 0.926	 OF1_3: 0.908	CP_3: 0.883	 CR_3: 0.916	 CF1_3: 0.899
2022-05-22 10:00:42,353 INFO     Now lrp:0.00001000, lr:0.00100000
2022-05-22 10:00:42,356 INFO     Save checkpoint to ./checkpoint/VOC2007/ADD_GCN_FC/work4/Epoch-13.pth
2022-05-22 10:00:42,676 INFO     Save results to ./checkpoint/VOC2007/ADD_GCN_FC/work4/results.csv
2022-05-22 10:00:42,818 INFO      * best mAP=0.9603
2022-05-22 10:00:43,603 INFO     2022-05-22 10:00:43, 14 Epoch, lrp:0.00001000, lr:0.00100000, 0 Iter, Loss: 0.0305, Data time: 0.4754, Batch time: 0.7826
2022-05-22 10:02:05,174 INFO     ====== star eval ======
2022-05-22 10:02:05,717 INFO     2022-05-22 10:02:05, 14 Epoch, 0 Iter, Loss: 0.0447, Data time: 0.4488, Batch time: 0.5409
2022-05-22 10:02:32,620 INFO     * Test
2022-05-22 10:02:32,620 INFO     tensor([0.9995, 0.9907, 0.9845, 0.9901, 0.8548, 0.9797, 0.9865, 0.9873, 0.8573,
        0.9763, 0.8910, 0.9871, 0.9876, 0.9799, 0.9925, 0.8910, 0.9921, 0.9056,
        0.9944, 0.9611])
2022-05-22 10:02:32,621 INFO     * Loss: 0.0403	 mAP: 0.9595	Data_time: 0.0018	 Batch_time: 0.0936
2022-05-22 10:02:32,621 INFO     OP: 0.892	 OR: 0.926	 OF1: 0.908	CP: 0.883	 CR: 0.915	 CF1: 0.898
2022-05-22 10:02:32,621 INFO     OP_3: 0.895	 OR_3: 0.923	 OF1_3: 0.909	CP_3: 0.885	 CR_3: 0.911	 CF1_3: 0.898
2022-05-22 10:02:32,622 INFO     Now lrp:0.00001000, lr:0.00100000
2022-05-22 10:02:32,625 INFO     Save checkpoint to ./checkpoint/VOC2007/ADD_GCN_FC/work4/Epoch-14.pth
2022-05-22 10:02:32,941 INFO     Save results to ./checkpoint/VOC2007/ADD_GCN_FC/work4/results.csv
2022-05-22 10:02:33,082 INFO      * best mAP=0.9603
2022-05-22 10:02:33,917 INFO     2022-05-22 10:02:33, 15 Epoch, lrp:0.00001000, lr:0.00100000, 0 Iter, Loss: 0.0367, Data time: 0.5301, Batch time: 0.8322
2022-05-22 10:03:55,511 INFO     ====== star eval ======
2022-05-22 10:03:56,080 INFO     2022-05-22 10:03:56, 15 Epoch, 0 Iter, Loss: 0.0468, Data time: 0.4710, Batch time: 0.5652
2022-05-22 10:04:23,096 INFO     * Test
2022-05-22 10:04:23,097 INFO     tensor([0.9994, 0.9906, 0.9845, 0.9906, 0.8551, 0.9773, 0.9860, 0.9864, 0.8567,
        0.9773, 0.8934, 0.9876, 0.9881, 0.9799, 0.9924, 0.8956, 0.9905, 0.9075,
        0.9940, 0.9623])
2022-05-22 10:04:23,098 INFO     * Loss: 0.0408	 mAP: 0.9598	Data_time: 0.0019	 Batch_time: 0.0937
2022-05-22 10:04:23,098 INFO     OP: 0.887	 OR: 0.929	 OF1: 0.907	CP: 0.880	 CR: 0.919	 CF1: 0.899
2022-05-22 10:04:23,098 INFO     OP_3: 0.891	 OR_3: 0.925	 OF1_3: 0.908	CP_3: 0.883	 CR_3: 0.915	 CF1_3: 0.898
2022-05-22 10:04:23,098 INFO     Now lrp:0.00001000, lr:0.00100000
2022-05-22 10:04:23,101 INFO     Save checkpoint to ./checkpoint/VOC2007/ADD_GCN_FC/work4/Epoch-15.pth
2022-05-22 10:04:23,424 INFO     Save results to ./checkpoint/VOC2007/ADD_GCN_FC/work4/results.csv
2022-05-22 10:04:23,565 INFO      * best mAP=0.9603
2022-05-22 10:04:24,417 INFO     2022-05-22 10:04:24, 16 Epoch, lrp:0.00001000, lr:0.00100000, 0 Iter, Loss: 0.0270, Data time: 0.5329, Batch time: 0.8500
2022-05-22 10:05:46,066 INFO     ====== star eval ======
2022-05-22 10:05:46,631 INFO     2022-05-22 10:05:46, 16 Epoch, 0 Iter, Loss: 0.0448, Data time: 0.4660, Batch time: 0.5611
2022-05-22 10:06:13,601 INFO     * Test
2022-05-22 10:06:13,601 INFO     tensor([0.9996, 0.9904, 0.9844, 0.9901, 0.8544, 0.9796, 0.9867, 0.9858, 0.8559,
        0.9777, 0.8899, 0.9884, 0.9886, 0.9811, 0.9926, 0.8942, 0.9911, 0.9074,
        0.9947, 0.9621])
2022-05-22 10:06:13,602 INFO     * Loss: 0.0404	 mAP: 0.9597	Data_time: 0.0019	 Batch_time: 0.0937
2022-05-22 10:06:13,602 INFO     OP: 0.885	 OR: 0.932	 OF1: 0.908	CP: 0.880	 CR: 0.922	 CF1: 0.901
2022-05-22 10:06:13,602 INFO     OP_3: 0.889	 OR_3: 0.928	 OF1_3: 0.908	CP_3: 0.883	 CR_3: 0.918	 CF1_3: 0.900
2022-05-22 10:06:13,602 INFO     Now lrp:0.00001000, lr:0.00100000
2022-05-22 10:06:13,605 INFO     Save checkpoint to ./checkpoint/VOC2007/ADD_GCN_FC/work4/Epoch-16.pth
2022-05-22 10:06:13,922 INFO     Save results to ./checkpoint/VOC2007/ADD_GCN_FC/work4/results.csv
2022-05-22 10:06:14,065 INFO      * best mAP=0.9603
2022-05-22 10:06:14,922 INFO     2022-05-22 10:06:14, 17 Epoch, lrp:0.00001000, lr:0.00100000, 0 Iter, Loss: 0.0294, Data time: 0.5502, Batch time: 0.8553
2022-05-22 10:07:36,335 INFO     ====== star eval ======
2022-05-22 10:07:36,946 INFO     2022-05-22 10:07:36, 17 Epoch, 0 Iter, Loss: 0.0457, Data time: 0.5107, Batch time: 0.6089
2022-05-22 10:08:03,974 INFO     * Test
2022-05-22 10:08:03,974 INFO     tensor([0.9996, 0.9905, 0.9842, 0.9908, 0.8513, 0.9775, 0.9872, 0.9851, 0.8536,
        0.9769, 0.8892, 0.9878, 0.9874, 0.9757, 0.9923, 0.8916, 0.9921, 0.9051,
        0.9942, 0.9618])
2022-05-22 10:08:03,975 INFO     * Loss: 0.0414	 mAP: 0.9587	Data_time: 0.0020	 Batch_time: 0.0941
2022-05-22 10:08:03,975 INFO     OP: 0.880	 OR: 0.932	 OF1: 0.905	CP: 0.874	 CR: 0.922	 CF1: 0.897
2022-05-22 10:08:03,975 INFO     OP_3: 0.884	 OR_3: 0.928	 OF1_3: 0.905	CP_3: 0.876	 CR_3: 0.917	 CF1_3: 0.896
2022-05-22 10:08:03,975 INFO     Now lrp:0.00001000, lr:0.00100000
2022-05-22 10:08:03,978 INFO     Save checkpoint to ./checkpoint/VOC2007/ADD_GCN_FC/work4/Epoch-17.pth
2022-05-22 10:08:04,300 INFO     Save results to ./checkpoint/VOC2007/ADD_GCN_FC/work4/results.csv
2022-05-22 10:08:04,440 INFO      * best mAP=0.9603
2022-05-22 10:08:05,274 INFO     2022-05-22 10:08:05, 18 Epoch, lrp:0.00001000, lr:0.00100000, 0 Iter, Loss: 0.0299, Data time: 0.5182, Batch time: 0.8316
2022-05-22 10:09:26,978 INFO     ====== star eval ======
2022-05-22 10:09:27,535 INFO     2022-05-22 10:09:27, 18 Epoch, 0 Iter, Loss: 0.0483, Data time: 0.4612, Batch time: 0.5550
2022-05-22 10:09:54,402 INFO     * Test
2022-05-22 10:09:54,402 INFO     tensor([0.9995, 0.9905, 0.9848, 0.9902, 0.8519, 0.9788, 0.9866, 0.9862, 0.8577,
        0.9776, 0.8874, 0.9878, 0.9878, 0.9793, 0.9924, 0.8933, 0.9905, 0.9054,
        0.9941, 0.9616])
2022-05-22 10:09:54,403 INFO     * Loss: 0.0409	 mAP: 0.9592	Data_time: 0.0019	 Batch_time: 0.0936
2022-05-22 10:09:54,403 INFO     OP: 0.893	 OR: 0.927	 OF1: 0.910	CP: 0.889	 CR: 0.913	 CF1: 0.901
2022-05-22 10:09:54,403 INFO     OP_3: 0.897	 OR_3: 0.924	 OF1_3: 0.910	CP_3: 0.892	 CR_3: 0.910	 CF1_3: 0.901
2022-05-22 10:09:54,403 INFO     Now lrp:0.00001000, lr:0.00100000
2022-05-22 10:09:54,407 INFO     Save checkpoint to ./checkpoint/VOC2007/ADD_GCN_FC/work4/Epoch-18.pth
2022-05-22 10:09:54,728 INFO     Save results to ./checkpoint/VOC2007/ADD_GCN_FC/work4/results.csv
2022-05-22 10:09:54,870 INFO      * best mAP=0.9603
2022-05-22 10:09:55,691 INFO     2022-05-22 10:09:55, 19 Epoch, lrp:0.00001000, lr:0.00100000, 0 Iter, Loss: 0.0355, Data time: 0.5128, Batch time: 0.8189
2022-05-22 10:11:17,078 INFO     ====== star eval ======
2022-05-22 10:11:17,667 INFO     2022-05-22 10:11:17, 19 Epoch, 0 Iter, Loss: 0.0460, Data time: 0.4940, Batch time: 0.5871
2022-05-22 10:11:44,608 INFO     * Test
2022-05-22 10:11:44,608 INFO     tensor([0.9995, 0.9899, 0.9844, 0.9911, 0.8515, 0.9788, 0.9867, 0.9857, 0.8557,
        0.9773, 0.8858, 0.9887, 0.9882, 0.9779, 0.9923, 0.8921, 0.9922, 0.9061,
        0.9942, 0.9626])
2022-05-22 10:11:44,609 INFO     * Loss: 0.0402	 mAP: 0.9590	Data_time: 0.0020	 Batch_time: 0.0937
2022-05-22 10:11:44,609 INFO     OP: 0.890	 OR: 0.928	 OF1: 0.909	CP: 0.884	 CR: 0.917	 CF1: 0.900
2022-05-22 10:11:44,609 INFO     OP_3: 0.894	 OR_3: 0.925	 OF1_3: 0.909	CP_3: 0.887	 CR_3: 0.913	 CF1_3: 0.900
2022-05-22 10:11:44,610 INFO     Now lrp:0.00001000, lr:0.00100000
2022-05-22 10:11:44,613 INFO     Save checkpoint to ./checkpoint/VOC2007/ADD_GCN_FC/work4/Epoch-19.pth
2022-05-22 10:11:44,929 INFO     Save results to ./checkpoint/VOC2007/ADD_GCN_FC/work4/results.csv
2022-05-22 10:11:45,072 INFO      * best mAP=0.9603
2022-05-22 10:11:45,929 INFO     2022-05-22 10:11:45, 20 Epoch, lrp:0.00001000, lr:0.00100000, 0 Iter, Loss: 0.0210, Data time: 0.5581, Batch time: 0.8558
2022-05-22 10:13:07,193 INFO     ====== star eval ======
2022-05-22 10:13:07,795 INFO     2022-05-22 10:13:07, 20 Epoch, 0 Iter, Loss: 0.0442, Data time: 0.5029, Batch time: 0.5999
2022-05-22 10:13:34,729 INFO     * Test
2022-05-22 10:13:34,730 INFO     tensor([0.9996, 0.9894, 0.9846, 0.9912, 0.8534, 0.9784, 0.9862, 0.9841, 0.8560,
        0.9776, 0.8831, 0.9891, 0.9890, 0.9795, 0.9922, 0.8918, 0.9924, 0.9009,
        0.9934, 0.9610])
2022-05-22 10:13:34,731 INFO     * Loss: 0.0410	 mAP: 0.9586	Data_time: 0.0020	 Batch_time: 0.0936
2022-05-22 10:13:34,731 INFO     OP: 0.887	 OR: 0.930	 OF1: 0.908	CP: 0.881	 CR: 0.920	 CF1: 0.901
2022-05-22 10:13:34,731 INFO     OP_3: 0.891	 OR_3: 0.927	 OF1_3: 0.909	CP_3: 0.884	 CR_3: 0.916	 CF1_3: 0.900
2022-05-22 10:13:34,732 INFO     Now lrp:0.00001000, lr:0.00100000
2022-05-22 10:13:34,736 INFO     Save checkpoint to ./checkpoint/VOC2007/ADD_GCN_FC/work4/Epoch-20.pth
2022-05-22 10:13:35,067 INFO     Save results to ./checkpoint/VOC2007/ADD_GCN_FC/work4/results.csv
2022-05-22 10:13:35,209 INFO      * best mAP=0.9603
2022-05-22 10:13:36,034 INFO     2022-05-22 10:13:36, 21 Epoch, lrp:0.00001000, lr:0.00100000, 0 Iter, Loss: 0.0363, Data time: 0.5163, Batch time: 0.8225
2022-05-22 10:14:57,560 INFO     ====== star eval ======
2022-05-22 10:14:58,161 INFO     2022-05-22 10:14:58, 21 Epoch, 0 Iter, Loss: 0.0498, Data time: 0.5012, Batch time: 0.5971
2022-05-22 10:15:25,162 INFO     * Test
2022-05-22 10:15:25,162 INFO     tensor([0.9994, 0.9903, 0.9841, 0.9900, 0.8523, 0.9774, 0.9864, 0.9831, 0.8523,
        0.9760, 0.8857, 0.9884, 0.9877, 0.9766, 0.9922, 0.8936, 0.9909, 0.9000,
        0.9944, 0.9612])
2022-05-22 10:15:25,163 INFO     * Loss: 0.0422	 mAP: 0.9581	Data_time: 0.0020	 Batch_time: 0.0938
2022-05-22 10:15:25,163 INFO     OP: 0.883	 OR: 0.929	 OF1: 0.906	CP: 0.876	 CR: 0.921	 CF1: 0.898
2022-05-22 10:15:25,163 INFO     OP_3: 0.888	 OR_3: 0.926	 OF1_3: 0.906	CP_3: 0.879	 CR_3: 0.916	 CF1_3: 0.897
2022-05-22 10:15:25,164 INFO     Now lrp:0.00001000, lr:0.00100000
2022-05-22 10:15:25,167 INFO     Save checkpoint to ./checkpoint/VOC2007/ADD_GCN_FC/work4/Epoch-21.pth
2022-05-22 10:15:25,482 INFO     Save results to ./checkpoint/VOC2007/ADD_GCN_FC/work4/results.csv
2022-05-22 10:15:25,637 INFO      * best mAP=0.9603
2022-05-22 10:15:26,437 INFO     2022-05-22 10:15:26, 22 Epoch, lrp:0.00001000, lr:0.00100000, 0 Iter, Loss: 0.0195, Data time: 0.4858, Batch time: 0.7982
2022-05-22 10:16:48,098 INFO     ====== star eval ======
2022-05-22 10:16:48,660 INFO     2022-05-22 10:16:48, 22 Epoch, 0 Iter, Loss: 0.0508, Data time: 0.4626, Batch time: 0.5589
2022-05-22 10:17:15,601 INFO     * Test
2022-05-22 10:17:15,601 INFO     tensor([0.9994, 0.9898, 0.9837, 0.9893, 0.8509, 0.9760, 0.9865, 0.9835, 0.8544,
        0.9753, 0.8841, 0.9886, 0.9892, 0.9797, 0.9923, 0.8909, 0.9907, 0.8987,
        0.9941, 0.9604])
2022-05-22 10:17:15,602 INFO     * Loss: 0.0413	 mAP: 0.9579	Data_time: 0.0019	 Batch_time: 0.0938
2022-05-22 10:17:15,602 INFO     OP: 0.890	 OR: 0.928	 OF1: 0.908	CP: 0.885	 CR: 0.915	 CF1: 0.900
2022-05-22 10:17:15,602 INFO     OP_3: 0.893	 OR_3: 0.924	 OF1_3: 0.908	CP_3: 0.887	 CR_3: 0.910	 CF1_3: 0.898
2022-05-22 10:17:15,603 INFO     Now lrp:0.00001000, lr:0.00100000
2022-05-22 10:17:15,606 INFO     Save checkpoint to ./checkpoint/VOC2007/ADD_GCN_FC/work4/Epoch-22.pth
2022-05-22 10:17:15,924 INFO     Save results to ./checkpoint/VOC2007/ADD_GCN_FC/work4/results.csv
2022-05-22 10:17:16,066 INFO      * best mAP=0.9603
2022-05-22 10:17:16,927 INFO     2022-05-22 10:17:16, 23 Epoch, lrp:0.00001000, lr:0.00100000, 0 Iter, Loss: 0.0665, Data time: 0.5557, Batch time: 0.8590
2022-05-22 10:18:38,303 INFO     ====== star eval ======
2022-05-22 10:18:38,860 INFO     2022-05-22 10:18:38, 23 Epoch, 0 Iter, Loss: 0.0493, Data time: 0.4529, Batch time: 0.5535
2022-05-22 10:19:05,854 INFO     * Test
2022-05-22 10:19:05,854 INFO     tensor([0.9995, 0.9903, 0.9832, 0.9900, 0.8504, 0.9771, 0.9870, 0.9857, 0.8532,
        0.9773, 0.8803, 0.9891, 0.9886, 0.9792, 0.9925, 0.8898, 0.9901, 0.9044,
        0.9938, 0.9609])
2022-05-22 10:19:05,855 INFO     * Loss: 0.0411	 mAP: 0.9581	Data_time: 0.0018	 Batch_time: 0.0938
2022-05-22 10:19:05,855 INFO     OP: 0.887	 OR: 0.930	 OF1: 0.908	CP: 0.879	 CR: 0.918	 CF1: 0.898
2022-05-22 10:19:05,855 INFO     OP_3: 0.891	 OR_3: 0.926	 OF1_3: 0.908	CP_3: 0.883	 CR_3: 0.914	 CF1_3: 0.898
2022-05-22 10:19:05,856 INFO     Now lrp:0.00001000, lr:0.00100000
2022-05-22 10:19:05,859 INFO     Save checkpoint to ./checkpoint/VOC2007/ADD_GCN_FC/work4/Epoch-23.pth
2022-05-22 10:19:06,177 INFO     Save results to ./checkpoint/VOC2007/ADD_GCN_FC/work4/results.csv
2022-05-22 10:19:06,319 INFO      * best mAP=0.9603
2022-05-22 10:19:07,111 INFO     2022-05-22 10:19:07, 24 Epoch, lrp:0.00001000, lr:0.00100000, 0 Iter, Loss: 0.0444, Data time: 0.4806, Batch time: 0.7905
2022-05-22 10:20:28,674 INFO     ====== star eval ======
2022-05-22 10:20:29,263 INFO     2022-05-22 10:20:29, 24 Epoch, 0 Iter, Loss: 0.0507, Data time: 0.4906, Batch time: 0.5858
2022-05-22 10:20:56,173 INFO     * Test
2022-05-22 10:20:56,174 INFO     tensor([0.9994, 0.9910, 0.9832, 0.9900, 0.8484, 0.9771, 0.9865, 0.9832, 0.8548,
        0.9761, 0.8810, 0.9889, 0.9890, 0.9785, 0.9924, 0.8912, 0.9904, 0.9020,
        0.9944, 0.9605])
2022-05-22 10:20:56,175 INFO     * Loss: 0.0418	 mAP: 0.9579	Data_time: 0.0020	 Batch_time: 0.0936
2022-05-22 10:20:56,175 INFO     OP: 0.884	 OR: 0.931	 OF1: 0.907	CP: 0.877	 CR: 0.919	 CF1: 0.898
2022-05-22 10:20:56,175 INFO     OP_3: 0.889	 OR_3: 0.927	 OF1_3: 0.907	CP_3: 0.880	 CR_3: 0.914	 CF1_3: 0.897
2022-05-22 10:20:56,175 INFO     Now lrp:0.00001000, lr:0.00100000
2022-05-22 10:20:56,178 INFO     Save checkpoint to ./checkpoint/VOC2007/ADD_GCN_FC/work4/Epoch-24.pth
2022-05-22 10:20:56,493 INFO     Save results to ./checkpoint/VOC2007/ADD_GCN_FC/work4/results.csv
2022-05-22 10:20:56,633 INFO      * best mAP=0.9603
2022-05-22 10:20:57,447 INFO     2022-05-22 10:20:57, 25 Epoch, lrp:0.00001000, lr:0.00100000, 0 Iter, Loss: 0.0320, Data time: 0.4902, Batch time: 0.8110
2022-05-22 10:22:18,729 INFO     ====== star eval ======
2022-05-22 10:22:19,321 INFO     2022-05-22 10:22:19, 25 Epoch, 0 Iter, Loss: 0.0521, Data time: 0.4939, Batch time: 0.5892
2022-05-22 10:22:46,199 INFO     * Test
2022-05-22 10:22:46,199 INFO     tensor([0.9994, 0.9904, 0.9829, 0.9892, 0.8476, 0.9746, 0.9870, 0.9837, 0.8517,
        0.9766, 0.8827, 0.9895, 0.9885, 0.9745, 0.9922, 0.8915, 0.9908, 0.9040,
        0.9942, 0.9602])
2022-05-22 10:22:46,200 INFO     * Loss: 0.0419	 mAP: 0.9575	Data_time: 0.0020	 Batch_time: 0.0937
2022-05-22 10:22:46,200 INFO     OP: 0.894	 OR: 0.925	 OF1: 0.909	CP: 0.888	 CR: 0.912	 CF1: 0.900
2022-05-22 10:22:46,200 INFO     OP_3: 0.897	 OR_3: 0.922	 OF1_3: 0.910	CP_3: 0.891	 CR_3: 0.908	 CF1_3: 0.899
2022-05-22 10:22:46,201 INFO     Now lrp:0.00000100, lr:0.00010000
2022-05-22 10:22:46,205 INFO     Save checkpoint to ./checkpoint/VOC2007/ADD_GCN_FC/work4/Epoch-25.pth
2022-05-22 10:22:46,585 INFO     Save results to ./checkpoint/VOC2007/ADD_GCN_FC/work4/results.csv
2022-05-22 10:22:46,727 INFO      * best mAP=0.9603
2022-05-22 10:22:47,531 INFO     2022-05-22 10:22:47, 26 Epoch, lrp:0.00000100, lr:0.00010000, 0 Iter, Loss: 0.0137, Data time: 0.4928, Batch time: 0.8016
2022-05-22 10:24:09,112 INFO     ====== star eval ======
2022-05-22 10:24:09,698 INFO     2022-05-22 10:24:09, 26 Epoch, 0 Iter, Loss: 0.0479, Data time: 0.4913, Batch time: 0.5849
2022-05-22 10:24:36,589 INFO     * Test
2022-05-22 10:24:36,589 INFO     tensor([0.9995, 0.9911, 0.9835, 0.9905, 0.8461, 0.9771, 0.9868, 0.9842, 0.8535,
        0.9773, 0.8825, 0.9896, 0.9888, 0.9756, 0.9923, 0.8904, 0.9910, 0.9049,
        0.9938, 0.9608])
2022-05-22 10:24:36,590 INFO     * Loss: 0.0415	 mAP: 0.9580	Data_time: 0.0020	 Batch_time: 0.0937
2022-05-22 10:24:36,590 INFO     OP: 0.885	 OR: 0.930	 OF1: 0.907	CP: 0.880	 CR: 0.919	 CF1: 0.899
2022-05-22 10:24:36,590 INFO     OP_3: 0.889	 OR_3: 0.927	 OF1_3: 0.907	CP_3: 0.883	 CR_3: 0.914	 CF1_3: 0.898
2022-05-22 10:24:36,591 INFO     Now lrp:0.00000100, lr:0.00010000
2022-05-22 10:24:36,594 INFO     Save checkpoint to ./checkpoint/VOC2007/ADD_GCN_FC/work4/Epoch-26.pth
2022-05-22 10:24:36,909 INFO     Save results to ./checkpoint/VOC2007/ADD_GCN_FC/work4/results.csv
2022-05-22 10:24:37,050 INFO      * best mAP=0.9603
2022-05-22 10:24:37,854 INFO     2022-05-22 10:24:37, 27 Epoch, lrp:0.00000100, lr:0.00010000, 0 Iter, Loss: 0.0434, Data time: 0.4904, Batch time: 0.8013
2022-05-22 10:25:59,491 INFO     ====== star eval ======
2022-05-22 10:26:00,074 INFO     2022-05-22 10:26:00, 27 Epoch, 0 Iter, Loss: 0.0476, Data time: 0.4828, Batch time: 0.5791
2022-05-22 10:26:27,054 INFO     * Test
2022-05-22 10:26:27,054 INFO     tensor([0.9994, 0.9907, 0.9841, 0.9895, 0.8441, 0.9754, 0.9864, 0.9846, 0.8537,
        0.9770, 0.8790, 0.9894, 0.9891, 0.9792, 0.9923, 0.8912, 0.9909, 0.9009,
        0.9937, 0.9606])
2022-05-22 10:26:27,055 INFO     * Loss: 0.0416	 mAP: 0.9576	Data_time: 0.0019	 Batch_time: 0.0937
2022-05-22 10:26:27,055 INFO     OP: 0.885	 OR: 0.930	 OF1: 0.907	CP: 0.881	 CR: 0.917	 CF1: 0.898
2022-05-22 10:26:27,055 INFO     OP_3: 0.890	 OR_3: 0.926	 OF1_3: 0.908	CP_3: 0.884	 CR_3: 0.912	 CF1_3: 0.898
2022-05-22 10:26:27,055 INFO     Now lrp:0.00000100, lr:0.00010000
2022-05-22 10:26:27,059 INFO     Save checkpoint to ./checkpoint/VOC2007/ADD_GCN_FC/work4/Epoch-27.pth
2022-05-22 10:26:27,376 INFO     Save results to ./checkpoint/VOC2007/ADD_GCN_FC/work4/results.csv
2022-05-22 10:26:27,518 INFO      * best mAP=0.9603
2022-05-22 10:26:28,304 INFO     2022-05-22 10:26:28, 28 Epoch, lrp:0.00000100, lr:0.00010000, 0 Iter, Loss: 0.0610, Data time: 0.4778, Batch time: 0.7837
2022-05-22 10:27:49,829 INFO     ====== star eval ======
2022-05-22 10:27:50,407 INFO     2022-05-22 10:27:50, 28 Epoch, 0 Iter, Loss: 0.0497, Data time: 0.4781, Batch time: 0.5752
